Arguments: 
  E:\Computer Files\Node\node.exe C:\Program Files (x86)\Yarn\bin\yarn.js add react-router-dom

PATH: 
  C:\Python310\Scripts\;C:\Python310\;C:\Program Files\Common Files\Oracle\Java\javapath;C:\Program Files (x86)\Common Files\Intel\Shared Libraries\redist\intel64\compiler;C:\Python38\Scripts\;C:\Python38\;C:\Program Files (x86)\Razer\ChromaBroadcast\bin;C:\Program Files\Razer\ChromaBroadcast\bin;C:\Program Files (x86)\Common Files\Oracle\Java\javapath;C:\ProgramData\Oracle\Java\javapath;C:\Program Files (x86)\Razer Chroma SDK\bin;C:\Program Files\Razer Chroma SDK\bin;C:\Windows\system32;C:\Windows;C:\Windows\System32\Wbem;C:\Windows\System32\WindowsPowerShell\v1.0\;C:\Windows\system32\config\systemprofile\AppData\Local\Microsoft\WindowsApps;C:\WINDOWS\system32;C:\WINDOWS;C:\WINDOWS\System32\Wbem;C:\WINDOWS\System32\WindowsPowerShell\v1.0\;C:\WINDOWS\System32\OpenSSH\;C:\Program Files\NVIDIA Corporation\NVIDIA NvDLISR;D:\WEBDEV\python\Scripts\;D:\WEBDEV\python\;C:\Users\Ishaan\AppData\Local\Microsoft\WindowsApps;D:\COMPUTER THINGS\Microsoft VS Code\bin;C:\ProgramData\chocolatey\bin;C:\Program Files (x86)\Windows Kits\10\Windows Performance Toolkit\;C:\Program Files (x86)\dotnet\;C:\WINDOWS\system32;C:\WINDOWS;C:\WINDOWS\System32\Wbem;C:\WINDOWS\System32\WindowsPowerShell\v1.0\;C:\WINDOWS\System32\OpenSSH\;D:\PROGRAMMING\git\Git\cmd;C:\Program Files (x86)\NVIDIA Corporation\PhysX\Common;E:\Computer Files\Node\;C:\Program Files (x86)\Yarn\bin\;C:\Program Files\Git\cmd;C:\Users\Ishaan\AppData\Local\Programs\Python\Python39\Scripts;D:\COMPUTER THINGS\Microsoft VS Code\bin;C:\Program Files (x86)\Nmap;C:\Users\Ishaan\AppData\Local\GitHubDesktop\bin;C:\Users\Ishaan\AppData\Local\Microsoft\WindowsApps;C:\Users\Ishaan\spicetify-cli;C:\Program Files\heroku\bin;E:\Computer Files\VSCode\Microsoft VS Code\bin;E:\Computer Files\JetBrains\IntelliJ IDEA Community Edition 2021.2.1\bin;;C:\Users\Ishaan\AppData\Roaming\npm;C:\Users\Ishaan\AppData\Local\Yarn\bin;E:\Computer Files\IntelliJ IDEA 2021.3.1\bin;;E:\Computer Files\Installers\PSTools;

Yarn version: 
  1.22.15

Node version: 
  14.18.1

Platform: 
  win32 x64

Trace: 
  Error: EPERM: operation not permitted, unlink 'E:\Programming\OhseaWebsite\node_modules\lmdb-store\prebuilds\win32-x64\node.abi83.node'

npm manifest: 
  {
    "name": "gatsby-starter-default",
    "private": true,
    "description": "A simple starter to get up and developing quickly with Gatsby",
    "version": "0.1.0",
    "author": "Kyle Mathews <mathews.kyle@gmail.com>",
    "dependencies": {
      "gatsby": "^4.5.4",
      "gatsby-plugin-gatsby-cloud": "^4.4.0",
      "gatsby-plugin-google-fonts": "^1.0.1",
      "gatsby-plugin-image": "^2.4.0",
      "gatsby-plugin-manifest": "^4.4.0",
      "gatsby-plugin-offline": "^5.4.0",
      "gatsby-plugin-react-helmet": "^5.4.0",
      "gatsby-plugin-sharp": "^4.4.0",
      "gatsby-source-filesystem": "^4.4.0",
      "gatsby-transformer-sharp": "^4.4.0",
      "prop-types": "^15.7.2",
      "react": "^17.0.1",
      "react-dom": "^17.0.1",
      "react-helmet": "^6.1.0",
      "react-icons": "^4.3.1",
      "styled-components": "^5.3.3"
    },
    "devDependencies": {
      "prettier": "^2.4.1"
    },
    "keywords": [
      "gatsby"
    ],
    "license": "0BSD",
    "scripts": {
      "build": "gatsby build",
      "develop": "gatsby develop",
      "format": "prettier --write \"**/*.{js,jsx,ts,tsx,json,md}\"",
      "start": "gatsby develop",
      "serve": "gatsby serve",
      "clean": "gatsby clean",
      "test": "echo \"Write tests! -> https://gatsby.dev/unit-testing\" && exit 1"
    },
    "repository": {
      "type": "git",
      "url": "https://github.com/gatsbyjs/gatsby-starter-default"
    },
    "bugs": {
      "url": "https://github.com/gatsbyjs/gatsby/issues"
    }
  }

yarn manifest: 
  No manifest

Lockfile: 
  No lockfile
